Clock: clk
Sources: clk 
Generated: no
Virtual: yes
Propagated: no
Period: 25.000000

===========================================================================
report_clock_properties
============================================================================
Clock                   Period          Waveform
----------------------------------------------------
clk                  25.000000    0.000000 12.500000

===========================================================================
report_clock_latency
============================================================================
Clock clk
rise -> rise
    min     max
0.000000 0.000000 source latency
0.230053         network latency _174_/CLK
        0.231044 network latency _169_/CLK
---------------
0.230053 0.231044 latency
        0.000991 skew

fall -> fall
    min     max
0.000000 0.000000 source latency
0.219377         network latency _174_/CLK
        0.220230 network latency _176_/CLK
---------------
0.219377 0.220230 latency
        0.000854 skew



===========================================================================
report_clock_min_period
============================================================================
clk period_min = 1.42 fmax = 706.53
