Reading OpenROAD database at '/Users/jhsu2022/my_designs/32-Bit-CPU/runs/RUN_2025-09-15_22-32-39/23-openroad-globalplacementskipio/MIPSpipeline.odb'…
Reading library file at '/Users/jhsu2022/.volare/volare/sky130/versions/0fe599b2afb6708d281543108caf8310912f54af/sky130A/libs.ref/sky130_fd_sc_hd/lib/sky130_fd_sc_hd__tt_025C_1v80.lib'…
Reading design constraints file at '/nix/store/b5k0h8cjlpypdp7lb98p9n8qqanyralc-python3-3.11.9-env/lib/python3.11/site-packages/openlane/scripts/base.sdc'…
[INFO] Using clock clk…
[INFO] Setting output delay to: 5
[INFO] Setting input delay to: 5
[INFO] Setting load to: 0.033442
[INFO] Setting clock uncertainty to: 0.25
[INFO] Setting clock transition to: 0.1499999999999999944488848768742172978818416595458984375
[INFO] Setting timing derate to: 5%
[INFO] place_pins args: -min_distance 3
Found 0 macro blocks.
[INFO PPL-0010] Tentative 0 to set up sections.
[INFO PPL-0001] Number of slots           88
[INFO PPL-0002] Number of I/O             34
[INFO PPL-0003] Number of I/O w/sink      34
[INFO PPL-0004] Number of I/O w/o sink    0
[INFO PPL-0005] Slots per section         200
[INFO PPL-0006] Slots increase factor     0.01
[INFO PPL-0008] Successfully assigned pins to sections.
[INFO PPL-0012] I/O nets HPWL: 1076.06 um.
Setting global connections for newly added cells…
[INFO] Setting global connections...
Updating metrics…
Cell type report:                       Count       Area
  Fill cell                                40     150.14
  Tap cell                                 44      55.05
  Inverter                                 31     116.36
  Sequential cell                          30     788.26
  Multi-Input combinational cell           67     663.14
  Total                                   212    1772.95
Writing OpenROAD database to '/Users/jhsu2022/my_designs/32-Bit-CPU/runs/RUN_2025-09-15_22-32-39/24-openroad-ioplacement/MIPSpipeline.odb'…
Writing netlist to '/Users/jhsu2022/my_designs/32-Bit-CPU/runs/RUN_2025-09-15_22-32-39/24-openroad-ioplacement/MIPSpipeline.nl.v'…
Writing powered netlist to '/Users/jhsu2022/my_designs/32-Bit-CPU/runs/RUN_2025-09-15_22-32-39/24-openroad-ioplacement/MIPSpipeline.pnl.v'…
Writing layout to '/Users/jhsu2022/my_designs/32-Bit-CPU/runs/RUN_2025-09-15_22-32-39/24-openroad-ioplacement/MIPSpipeline.def'…
Writing timing constraints to '/Users/jhsu2022/my_designs/32-Bit-CPU/runs/RUN_2025-09-15_22-32-39/24-openroad-ioplacement/MIPSpipeline.sdc'…
