Reading timing models for corner nom_tt_025C_1v80…
Reading timing library for the 'nom_tt_025C_1v80' corner at '/Users/jhsu2022/.volare/volare/sky130/versions/0fe599b2afb6708d281543108caf8310912f54af/sky130A/libs.ref/sky130_fd_sc_hd/lib/sky130_fd_sc_hd__tt_025C_1v80.lib'…
Reading timing models for corner nom_ff_n40C_1v95…
Reading timing library for the 'nom_ff_n40C_1v95' corner at '/Users/jhsu2022/.volare/volare/sky130/versions/0fe599b2afb6708d281543108caf8310912f54af/sky130A/libs.ref/sky130_fd_sc_hd/lib/sky130_fd_sc_hd__ff_n40C_1v95.lib'…
Reading timing models for corner nom_ss_100C_1v60…
Reading timing library for the 'nom_ss_100C_1v60' corner at '/Users/jhsu2022/.volare/volare/sky130/versions/0fe599b2afb6708d281543108caf8310912f54af/sky130A/libs.ref/sky130_fd_sc_hd/lib/sky130_fd_sc_hd__ss_100C_1v60.lib'…
Reading OpenROAD database at '/Users/jhsu2022/my_designs/32-Bit-CPU/runs/RUN_2025-09-15_22-32-39/34-openroad-cts/MIPSpipeline.odb'…
Reading design constraints file at '/nix/store/b5k0h8cjlpypdp7lb98p9n8qqanyralc-python3-3.11.9-env/lib/python3.11/site-packages/openlane/scripts/base.sdc'…
[INFO] Using clock clk…
[INFO] Setting output delay to: 5
[INFO] Setting input delay to: 5
[INFO] Setting load to: 0.033442
[INFO] Setting clock uncertainty to: 0.25
[INFO] Setting clock transition to: 0.1499999999999999944488848768742172978818416595458984375
[INFO] Setting timing derate to: 5%
[INFO] Setting RC values…
[INFO RSZ-0098] No setup violations found
[INFO RSZ-0046] Found 25 endpoints with hold violations.
Iteration | Resized | Buffers | Cloned Gates |   WNS   |   TNS   | Endpoint
---------------------------------------------------------------------------
        0 |       0 |       0 |            0 |   0.037 |   0.000 | _191_/D
    final |       0 |      25 |            0 |   0.107 |   0.000 | _169_/D
---------------------------------------------------------------------------
[INFO RSZ-0032] Inserted 25 hold buffers.
Placement Analysis
---------------------------------
total displacement        369.7 u
average displacement        1.3 u
max displacement           10.9 u
original HPWL            2317.7 u
legalized HPWL           2731.4 u
delta HPWL                   18 %

[INFO DPL-0020] Mirrored 92 instances
[INFO DPL-0021] HPWL before            2731.4 u
[INFO DPL-0022] HPWL after             2552.1 u
[INFO DPL-0023] HPWL delta               -6.6 %
[INFO] Setting RC values…
Setting global connections for newly added cells…
[INFO] Setting global connections...
Updating metrics…
Cell type report:                       Count       Area
  Fill cell                                40     150.14
  Tap cell                                 44      55.05
  Clock buffer                              8     166.41
  Timing Repair Buffer                     60     429.16
  Inverter                                 31     116.36
  Sequential cell                          30     751.97
  Multi-Input combinational cell           67     469.20
  Total                                   280    2138.30
Writing OpenROAD database to '/Users/jhsu2022/my_designs/32-Bit-CPU/runs/RUN_2025-09-15_22-32-39/36-openroad-resizertimingpostcts/MIPSpipeline.odb'…
Writing netlist to '/Users/jhsu2022/my_designs/32-Bit-CPU/runs/RUN_2025-09-15_22-32-39/36-openroad-resizertimingpostcts/MIPSpipeline.nl.v'…
Writing powered netlist to '/Users/jhsu2022/my_designs/32-Bit-CPU/runs/RUN_2025-09-15_22-32-39/36-openroad-resizertimingpostcts/MIPSpipeline.pnl.v'…
Writing layout to '/Users/jhsu2022/my_designs/32-Bit-CPU/runs/RUN_2025-09-15_22-32-39/36-openroad-resizertimingpostcts/MIPSpipeline.def'…
Writing timing constraints to '/Users/jhsu2022/my_designs/32-Bit-CPU/runs/RUN_2025-09-15_22-32-39/36-openroad-resizertimingpostcts/MIPSpipeline.sdc'…
