Clock: clk
Sources: clk 
Generated: no
Virtual: yes
Propagated: no
Period: 25.000000

===========================================================================
report_clock_properties
============================================================================
Clock                   Period          Waveform
----------------------------------------------------
clk                  25.000000    0.000000 12.500000

===========================================================================
report_clock_latency
============================================================================
Clock clk
rise -> rise
    min     max
0.000000 0.000000 source latency
0.575220         network latency _174_/CLK
        0.577310 network latency _169_/CLK
---------------
0.575220 0.577310 latency
        0.002090 skew

fall -> fall
    min     max
0.000000 0.000000 source latency
0.572960         network latency _174_/CLK
        0.574704 network latency _169_/CLK
---------------
0.572960 0.574704 latency
        0.001743 skew



===========================================================================
report_clock_min_period
============================================================================
clk period_min = 4.05 fmax = 246.97
