Clock: clk
Sources: clk 
Generated: no
Virtual: yes
Propagated: no
Period: 25.000000

===========================================================================
report_clock_properties
============================================================================
Clock                   Period          Waveform
----------------------------------------------------
clk                  25.000000    0.000000 12.500000

===========================================================================
report_clock_latency
============================================================================
Clock clk
rise -> rise
    min     max
0.000000 0.000000 source latency
0.226639         network latency _174_/CLK
        0.227429 network latency _169_/CLK
---------------
0.226639 0.227429 latency
        0.000790 skew

fall -> fall
    min     max
0.000000 0.000000 source latency
0.217063         network latency _174_/CLK
        0.217741 network latency _169_/CLK
---------------
0.217063 0.217741 latency
        0.000679 skew



===========================================================================
report_clock_min_period
============================================================================
clk period_min = 1.40 fmax = 715.36
