
===========================================================================
report_checks -unconstrained
===========================================================================
======================= nom_tt_025C_1v80 Corner ===================================

Startpoint: reset (input port clocked by clk)
Endpoint: _162_ (recovery check against rising-edge clock clk)
Path Group: asynchronous
Path Type: max

Fanout         Cap        Slew       Delay        Time   Description
---------------------------------------------------------------------------------------------
                                  0.000000    0.000000   clock clk (rise edge)
                                  0.000000    0.000000   clock network delay (propagated)
                                  5.000000    5.000000 v input external delay
    30    0.148874    0.324657    0.240996    5.240996 v reset (in)
                                                         reset (net)
                      0.324666    0.000000    5.240996 v _067_/A (sky130_fd_sc_hd__inv_2)
     1    0.003735    0.075235    0.115250    5.356246 ^ _067_/Y (sky130_fd_sc_hd__inv_2)
                                                         _000_ (net)
                      0.075235    0.000003    5.356248 ^ _162_/RESET_B (sky130_fd_sc_hd__dfrtp_2)
                                              5.356248   data arrival time

                                 25.000000   25.000000   clock clk (rise edge)
                                  0.000000   25.000000   clock source latency
    30    0.078317    0.355214    0.245040   25.245039 ^ clk (in)
                                                         clk (net)
                      0.355214    0.000000   25.245039 ^ _162_/CLK (sky130_fd_sc_hd__dfrtp_2)
                                 -0.250000   24.995039   clock uncertainty
                                  0.000000   24.995039   clock reconvergence pessimism
                                  0.305855   25.300894   library recovery time
                                             25.300894   data required time
---------------------------------------------------------------------------------------------
                                             25.300894   data required time
                                             -5.356248   data arrival time
---------------------------------------------------------------------------------------------
                                             19.944645   slack (MET)


Startpoint: _166_ (rising edge-triggered flip-flop clocked by clk)
Endpoint: current_pc[6] (output port clocked by clk)
Path Group: clk
Path Type: max

Fanout         Cap        Slew       Delay        Time   Description
---------------------------------------------------------------------------------------------
                                  0.000000    0.000000   clock clk (rise edge)
                                  0.000000    0.000000   clock source latency
    30    0.078317    0.355214    0.245232    0.245232 ^ clk (in)
                                                         clk (net)
                      0.355214    0.000000    0.245232 ^ _166_/CLK (sky130_fd_sc_hd__dfrtp_2)
     6    0.055659    0.268048    0.610924    0.856156 ^ _166_/Q (sky130_fd_sc_hd__dfrtp_2)
                                                         current_pc[6] (net)
                      0.268048    0.000215    0.856371 ^ current_pc[6] (out)
                                              0.856371   data arrival time

                                 25.000000   25.000000   clock clk (rise edge)
                                  0.000000   25.000000   clock network delay (propagated)
                                 -0.250000   24.750000   clock uncertainty
                                  0.000000   24.750000   clock reconvergence pessimism
                                 -5.000000   19.750000   output external delay
                                             19.750000   data required time
---------------------------------------------------------------------------------------------
                                             19.750000   data required time
                                             -0.856371   data arrival time
---------------------------------------------------------------------------------------------
                                             18.893629   slack (MET)




===========================================================================
report_checks --slack_max -0.01
============================================================================
======================= nom_tt_025C_1v80 Corner ===================================

No paths found.


===========================================================================
 report_check_types -max_slew -max_cap -max_fanout -violators
============================================================================
======================= nom_tt_025C_1v80 Corner ===================================

max fanout

Pin                                   Limit Fanout  Slack
---------------------------------------------------------
clk                                      10     30    -20 (VIOLATED)
reset                                    10     30    -20 (VIOLATED)



===========================================================================
report_parasitic_annotation -report_unannotated
============================================================================
Found 2 unannotated drivers.
 _192_/HI
 _193_/HI
Found 0 partially unannotated drivers.

===========================================================================
max slew violation count 0
Writing metric design__max_slew_violation__count__corner:nom_tt_025C_1v80: 0
max fanout violation count 2
Writing metric design__max_fanout_violation__count__corner:nom_tt_025C_1v80: 2
max cap violation count 0
Writing metric design__max_cap_violation__count__corner:nom_tt_025C_1v80: 0
============================================================================

===========================================================================
check_setup -verbose -unconstrained_endpoints -multiple_clock -no_clock -no_input_delay -loops -generated_clocks
===========================================================================
Warning: There are 2 unconstrained endpoints.
  current_pc[0]
  current_pc[1]
