Clock: clk
Sources: clk 
Generated: no
Virtual: yes
Propagated: no
Period: 25.000000

===========================================================================
report_clock_properties
============================================================================
Clock                   Period          Waveform
----------------------------------------------------
clk                  25.000000    0.000000 12.500000

===========================================================================
report_clock_latency
============================================================================
Clock clk
rise -> rise
    min     max
0.000000 0.000000 source latency
0.245039         network latency _162_/CLK
        0.245846 network latency _190_/CLK
---------------
0.245039 0.245846 latency
        0.000806 skew

fall -> fall
    min     max
0.000000 0.000000 source latency
0.118409         network latency _162_/CLK
        0.119169 network latency _190_/CLK
---------------
0.118409 0.119169 latency
        0.000759 skew



===========================================================================
report_clock_min_period
============================================================================
clk period_min = 2.32 fmax = 430.99
