Reading library file at '/Users/jhsu2022/.volare/volare/sky130/versions/0fe599b2afb6708d281543108caf8310912f54af/sky130A/libs.ref/sky130_fd_sc_hd/lib/sky130_fd_sc_hd__tt_025C_1v80.lib'…
Reading technology LEF file at '/Users/jhsu2022/.volare/volare/sky130/versions/0fe599b2afb6708d281543108caf8310912f54af/sky130A/libs.ref/sky130_fd_sc_hd/techlef/sky130_fd_sc_hd__nom.tlef'…
[INFO ODB-0227] LEF file: /Users/jhsu2022/.volare/volare/sky130/versions/0fe599b2afb6708d281543108caf8310912f54af/sky130A/libs.ref/sky130_fd_sc_hd/techlef/sky130_fd_sc_hd__nom.tlef, created 14 layers, 25 vias
Reading cell LEF file at '/Users/jhsu2022/.volare/volare/sky130/versions/0fe599b2afb6708d281543108caf8310912f54af/sky130A/libs.ref/sky130_fd_sc_hd/lef/sky130_ef_sc_hd.lef'…
[WARNING ODB-0220] WARNING (LEFPARS-2008): NOWIREEXTENSIONATPIN statement is obsolete in version 5.6 or later.
The NOWIREEXTENSIONATPIN statement will be ignored. See file /Users/jhsu2022/.volare/volare/sky130/versions/0fe599b2afb6708d281543108caf8310912f54af/sky130A/libs.ref/sky130_fd_sc_hd/lef/sky130_ef_sc_hd.lef at line 2.

[INFO ODB-0227] LEF file: /Users/jhsu2022/.volare/volare/sky130/versions/0fe599b2afb6708d281543108caf8310912f54af/sky130A/libs.ref/sky130_fd_sc_hd/lef/sky130_ef_sc_hd.lef, created 4 library cells
Reading cell LEF file at '/Users/jhsu2022/.volare/volare/sky130/versions/0fe599b2afb6708d281543108caf8310912f54af/sky130A/libs.ref/sky130_fd_sc_hd/lef/sky130_fd_sc_hd.lef'…
[WARNING ODB-0220] WARNING (LEFPARS-2008): NOWIREEXTENSIONATPIN statement is obsolete in version 5.6 or later.
The NOWIREEXTENSIONATPIN statement will be ignored. See file /Users/jhsu2022/.volare/volare/sky130/versions/0fe599b2afb6708d281543108caf8310912f54af/sky130A/libs.ref/sky130_fd_sc_hd/lef/sky130_fd_sc_hd.lef at line 2.

[INFO ODB-0227] LEF file: /Users/jhsu2022/.volare/volare/sky130/versions/0fe599b2afb6708d281543108caf8310912f54af/sky130A/libs.ref/sky130_fd_sc_hd/lef/sky130_fd_sc_hd.lef, created 437 library cells
Reading top-level netlist at '/Users/jhsu2022/my_designs/32_Bit_MIPS_CPU/runs/RUN_2025-09-15_19-54-57/06-yosys-synthesis/MIPSpipeline.nl.v'…
Linking design 'MIPSpipeline' from netlist…
Reading design constraints file at '/nix/store/b5k0h8cjlpypdp7lb98p9n8qqanyralc-python3-3.11.9-env/lib/python3.11/site-packages/openlane/scripts/base.sdc'…
[INFO] Using clock clk…
[INFO] Setting output delay to: 5
[INFO] Setting input delay to: 5
[INFO] Setting load to: 0.033442
[INFO] Setting clock uncertainty to: 0.25
[INFO] Setting clock transition to: 0.1499999999999999944488848768742172978818416595458984375
[INFO] Setting timing derate to: 5%
Using site height: 2.72 and site width: 0.46…
[INFO] Using relative sizing for the floorplan.
[INFO IFP-0001] Added 20 rows of 121 site unithd.
[INFO IFP-0030] Inserted 0 tiecells using sky130_fd_sc_hd__conb_1/LO.
[INFO IFP-0030] Inserted 0 tiecells using sky130_fd_sc_hd__conb_1/HI.
[INFO] Extracting DIE_AREA and CORE_AREA from the floorplan
[INFO] Floorplanned on a die area of 0.0 0.0 67.035 77.755 (µm).
[INFO] Floorplanned on a core area of 5.52 10.88 61.18 65.28 (µm).
Writing metric design__die__bbox: 0.0 0.0 67.035 77.755
Writing metric design__core__bbox: 5.52 10.88 61.18 65.28
Setting global connections for newly added cells…
[INFO] Setting global connections...
Updating metrics…
Cell type report:                       Count       Area
  Inverter                                 31     116.36
  Sequential cell                          30     788.26
  Multi-Input combinational cell           67     663.14
  Total                                   128    1567.75
Writing OpenROAD database to '/Users/jhsu2022/my_designs/32_Bit_MIPS_CPU/runs/RUN_2025-09-15_19-54-57/13-openroad-floorplan/MIPSpipeline.odb'…
Writing netlist to '/Users/jhsu2022/my_designs/32_Bit_MIPS_CPU/runs/RUN_2025-09-15_19-54-57/13-openroad-floorplan/MIPSpipeline.nl.v'…
Writing powered netlist to '/Users/jhsu2022/my_designs/32_Bit_MIPS_CPU/runs/RUN_2025-09-15_19-54-57/13-openroad-floorplan/MIPSpipeline.pnl.v'…
Writing layout to '/Users/jhsu2022/my_designs/32_Bit_MIPS_CPU/runs/RUN_2025-09-15_19-54-57/13-openroad-floorplan/MIPSpipeline.def'…
Writing timing constraints to '/Users/jhsu2022/my_designs/32_Bit_MIPS_CPU/runs/RUN_2025-09-15_19-54-57/13-openroad-floorplan/MIPSpipeline.sdc'…
