Clock: clk
Sources: clk 
Generated: no
Virtual: yes
Propagated: no
Period: 25.000000

===========================================================================
report_clock_properties
============================================================================
Clock                   Period          Waveform
----------------------------------------------------
clk                  25.000000    0.000000 12.500000

===========================================================================
report_clock_latency
============================================================================
Clock clk
rise -> rise
    min     max
0.000000 0.000000 source latency
0.313855         network latency _175_/CLK
        0.314798 network latency _169_/CLK
---------------
0.313855 0.314798 latency
        0.000943 skew

fall -> fall
    min     max
0.000000 0.000000 source latency
0.309862         network latency _175_/CLK
        0.310669 network latency _169_/CLK
---------------
0.309862 0.310669 latency
        0.000806 skew



===========================================================================
report_clock_min_period
============================================================================
clk period_min = 2.01 fmax = 498.67
