Clock: clk
Sources: clk 
Generated: no
Virtual: yes
Propagated: no
Period: 25.000000

===========================================================================
report_clock_properties
============================================================================
Clock                   Period          Waveform
----------------------------------------------------
clk                  25.000000    0.000000 12.500000

===========================================================================
report_clock_latency
============================================================================
Clock clk
rise -> rise
    min     max
0.000000 0.000000 source latency
0.320462         network latency _180_/CLK
        0.321577 network latency _172_/CLK
---------------
0.320462 0.321577 latency
        0.001115 skew

fall -> fall
    min     max
0.000000 0.000000 source latency
0.314795         network latency _180_/CLK
        0.315738 network latency _172_/CLK
---------------
0.314795 0.315738 latency
        0.000942 skew



===========================================================================
report_clock_min_period
============================================================================
clk period_min = 2.08 fmax = 480.82
