Clock: clk
Sources: clk 
Generated: no
Virtual: yes
Propagated: no
Period: 25.000000

===========================================================================
report_clock_properties
============================================================================
Clock                   Period          Waveform
----------------------------------------------------
clk                  25.000000    0.000000 12.500000

===========================================================================
report_clock_latency
============================================================================
Clock clk
rise -> rise
    min     max
0.000000 0.000000 source latency
0.584130         network latency _185_/CLK
        0.586395 network latency _169_/CLK
---------------
0.584130 0.586395 latency
        0.002265 skew

fall -> fall
    min     max
0.000000 0.000000 source latency
0.579467         network latency _174_/CLK
        0.581354 network latency _169_/CLK
---------------
0.579467 0.581354 latency
        0.001886 skew



===========================================================================
report_clock_min_period
============================================================================
clk period_min = 4.08 fmax = 244.81
