Clock: clk
Sources: clk 
Generated: no
Virtual: yes
Propagated: no
Period: 25.000000

===========================================================================
report_clock_properties
============================================================================
Clock                   Period          Waveform
----------------------------------------------------
clk                  25.000000    0.000000 12.500000

===========================================================================
report_clock_latency
============================================================================
Clock clk
rise -> rise
    min     max
0.000000 0.000000 source latency
0.234653         network latency _174_/CLK
        0.235872 network latency _176_/CLK
---------------
0.234653 0.235872 latency
        0.001219 skew

fall -> fall
    min     max
0.000000 0.000000 source latency
0.222821         network latency _174_/CLK
        0.223920 network latency _178_/CLK
---------------
0.222821 0.223920 latency
        0.001100 skew



===========================================================================
report_clock_min_period
============================================================================
clk period_min = 1.43 fmax = 698.39
