Clock: clk
Sources: clk 
Generated: no
Virtual: yes
Propagated: no
Period: 25.000000

===========================================================================
report_clock_properties
============================================================================
Clock                   Period          Waveform
----------------------------------------------------
clk                  25.000000    0.000000 12.500000

===========================================================================
report_clock_latency
============================================================================
Clock clk
rise -> rise
    min     max
0.000000 0.000000 source latency
0.327053         network latency _174_/CLK
        0.328171 network latency _169_/CLK
---------------
0.327053 0.328171 latency
        0.001119 skew

fall -> fall
    min     max
0.000000 0.000000 source latency
0.318553         network latency _174_/CLK
        0.319512 network latency _169_/CLK
---------------
0.318553 0.319512 latency
        0.000958 skew



===========================================================================
report_clock_min_period
============================================================================
clk period_min = 2.09 fmax = 477.87
