[WARNING ORD-0039] .openroad ignored with -python
                                Cells by Master                                 
┏━━━━━━━━━━━━━━━━━━━━━━━━━━━━━━━━━━━━━━━━━━━━━━━━━━━━━━━━━━━━━━━━┳━━━━━━━━━━━━━┓
┃ Cell                                                           ┃ Count       ┃
┡━━━━━━━━━━━━━━━━━━━━━━━━━━━━━━━━━━━━━━━━━━━━━━━━━━━━━━━━━━━━━━━━╇━━━━━━━━━━━━━┩
│ sky130_ef_sc_hd__decap_12                                      │ 29          │
│ sky130_fd_sc_hd__a21o_1                                        │ 1           │
│ sky130_fd_sc_hd__a21oi_1                                       │ 5           │
│ sky130_fd_sc_hd__a31o_1                                        │ 2           │
│ sky130_fd_sc_hd__a41o_1                                        │ 1           │
│ sky130_fd_sc_hd__and2_1                                        │ 7           │
│ sky130_fd_sc_hd__and2b_1                                       │ 3           │
│ sky130_fd_sc_hd__and3_1                                        │ 9           │
│ sky130_fd_sc_hd__and4_1                                        │ 6           │
│ sky130_fd_sc_hd__and4_2                                        │ 2           │
│ sky130_fd_sc_hd__buf_2                                         │ 32          │
│ sky130_fd_sc_hd__buf_4                                         │ 2           │
│ sky130_fd_sc_hd__clkbuf_1                                      │ 1           │
│ sky130_fd_sc_hd__clkbuf_16                                     │ 5           │
│ sky130_fd_sc_hd__clkbuf_8                                      │ 3           │
│ sky130_fd_sc_hd__conb_1                                        │ 2           │
│ sky130_fd_sc_hd__decap_3                                       │ 54          │
│ sky130_fd_sc_hd__decap_4                                       │ 13          │
│ sky130_fd_sc_hd__decap_6                                       │ 16          │
│ sky130_fd_sc_hd__decap_8                                       │ 10          │
│ sky130_fd_sc_hd__dfrtp_1                                       │ 29          │
│ sky130_fd_sc_hd__dfrtp_2                                       │ 1           │
│ sky130_fd_sc_hd__dlygate4sd3_1                                 │ 25          │
│ sky130_fd_sc_hd__fill_1                                        │ 51          │
│ sky130_fd_sc_hd__fill_2                                        │ 21          │
│ sky130_fd_sc_hd__inv_2                                         │ 31          │
│ sky130_fd_sc_hd__nand2_1                                       │ 2           │
│ sky130_fd_sc_hd__nand3_1                                       │ 1           │
│ sky130_fd_sc_hd__nor2_1                                        │ 7           │
│ sky130_fd_sc_hd__o21ba_1                                       │ 2           │
│ sky130_fd_sc_hd__o2bb2a_1                                      │ 1           │
│ sky130_fd_sc_hd__or2_1                                         │ 1           │
│ sky130_fd_sc_hd__tapvpwrvgnd_1                                 │ 44          │
│ sky130_fd_sc_hd__xnor2_1                                       │ 3           │
│ sky130_fd_sc_hd__xor2_1                                        │ 12          │
└────────────────────────────────────────────────────────────────┴─────────────┘
                               Cells by Function                                
┏━━━━━━━━━━━━━━━━━━━━━━━━━━━━━━━━━━━━━━━━━━━━━━━━━━━━━━━━━━━━━━━┳━━━━━━━━━━━━━━┓
┃ Cell Function                                                 ┃ Count        ┃
┡━━━━━━━━━━━━━━━━━━━━━━━━━━━━━━━━━━━━━━━━━━━━━━━━━━━━━━━━━━━━━━━╇━━━━━━━━━━━━━━┩
│ sky130_ef_sc_hd__decap                                        │ 29           │
│ sky130_fd_sc_hd__a21o                                         │ 1            │
│ sky130_fd_sc_hd__a21oi                                        │ 5            │
│ sky130_fd_sc_hd__a31o                                         │ 2            │
│ sky130_fd_sc_hd__a41o                                         │ 1            │
│ sky130_fd_sc_hd__and2                                         │ 7            │
│ sky130_fd_sc_hd__and2b                                        │ 3            │
│ sky130_fd_sc_hd__and3                                         │ 9            │
│ sky130_fd_sc_hd__and4                                         │ 8            │
│ sky130_fd_sc_hd__buf                                          │ 34           │
│ sky130_fd_sc_hd__clkbuf                                       │ 9            │
│ sky130_fd_sc_hd__conb                                         │ 2            │
│ sky130_fd_sc_hd__decap                                        │ 93           │
│ sky130_fd_sc_hd__dfrtp                                        │ 30           │
│ sky130_fd_sc_hd__dlygate4sd3                                  │ 25           │
│ sky130_fd_sc_hd__fill                                         │ 72           │
│ sky130_fd_sc_hd__inv                                          │ 31           │
│ sky130_fd_sc_hd__nand2                                        │ 2            │
│ sky130_fd_sc_hd__nand3                                        │ 1            │
│ sky130_fd_sc_hd__nor2                                         │ 7            │
│ sky130_fd_sc_hd__o21ba                                        │ 2            │
│ sky130_fd_sc_hd__o2bb2a                                       │ 1            │
│ sky130_fd_sc_hd__or2                                          │ 1            │
│ sky130_fd_sc_hd__tapvpwrvgnd                                  │ 44           │
│ sky130_fd_sc_hd__xnor2                                        │ 3            │
│ sky130_fd_sc_hd__xor2                                         │ 12           │
└───────────────────────────────────────────────────────────────┴──────────────┘
                                  Cells by SCL                                  
┏━━━━━━━━━━━━━━━━━━━━━━━━━━━━━━━━━━━━━━━━━━━━━━━━━━━━━━━┳━━━━━━━━━━━━━━━━━━━━━━┓
┃ SCL                                                   ┃ Count                ┃
┡━━━━━━━━━━━━━━━━━━━━━━━━━━━━━━━━━━━━━━━━━━━━━━━━━━━━━━━╇━━━━━━━━━━━━━━━━━━━━━━┩
│ sky130_ef_sc_hd                                       │ 29                   │
│ sky130_fd_sc_hd                                       │ 405                  │
└───────────────────────────────────────────────────────┴──────────────────────┘
                             Buffers by Cell Master                             
┏━━━━━━━━━━━━━━━━━━━━━━━━━━━━━━━━━━━━━━━━━━━━━━━━━━━━━━━━━━━━━━━━┳━━━━━━━━━━━━━┓
┃ Buffer                                                         ┃ Count       ┃
┡━━━━━━━━━━━━━━━━━━━━━━━━━━━━━━━━━━━━━━━━━━━━━━━━━━━━━━━━━━━━━━━━╇━━━━━━━━━━━━━┩
│ sky130_fd_sc_hd__buf_2                                         │ 32          │
│ sky130_fd_sc_hd__buf_4                                         │ 2           │
│ sky130_fd_sc_hd__clkbuf_1                                      │ 1           │
│ sky130_fd_sc_hd__clkbuf_16                                     │ 5           │
│ sky130_fd_sc_hd__clkbuf_8                                      │ 3           │
│ sky130_fd_sc_hd__dlygate4sd3_1                                 │ 25          │
└────────────────────────────────────────────────────────────────┴─────────────┘
