Clock: clk
Sources: clk 
Generated: no
Virtual: yes
Propagated: no
Period: 25.000000

===========================================================================
report_clock_properties
============================================================================
Clock                   Period          Waveform
----------------------------------------------------
clk                  25.000000    0.000000 12.500000

===========================================================================
report_clock_latency
============================================================================
Clock clk
rise -> rise
    min     max
0.000000 0.000000 source latency
0.331602         network latency _174_/CLK
        0.332992 network latency _169_/CLK
---------------
0.331602 0.332992 latency
        0.001390 skew

fall -> fall
    min     max
0.000000 0.000000 source latency
0.321622         network latency _174_/CLK
        0.322813 network latency _169_/CLK
---------------
0.321622 0.322813 latency
        0.001191 skew



===========================================================================
report_clock_min_period
============================================================================
clk period_min = 2.12 fmax = 471.89
