Clock: clk
Sources: clk 
Generated: no
Virtual: no
Propagated: no
Period: 25.000000

===========================================================================
report_clock_properties
============================================================================
Clock                   Period          Waveform
----------------------------------------------------
clk                  25.000000    0.000000 12.500000

===========================================================================
report_clock_latency
============================================================================
Clock clk
rise -> rise
    min     max
0.000000 0.000000 source latency
0.266019         network latency _162_/CLK
        0.266019 network latency _162_/CLK
---------------
0.266019 0.266019 latency
        0.000000 skew

fall -> fall
    min     max
0.000000 0.000000 source latency
0.148907         network latency _162_/CLK
        0.148907 network latency _162_/CLK
---------------
0.148907 0.148907 latency
        0.000000 skew



===========================================================================
report_clock_min_period
============================================================================
clk period_min = 4.26 fmax = 234.47
