Clock: clk
Sources: clk 
Generated: no
Virtual: yes
Propagated: no
Period: 25.000000

===========================================================================
report_clock_properties
============================================================================
Clock                   Period          Waveform
----------------------------------------------------
clk                  25.000000    0.000000 12.500000

===========================================================================
report_clock_latency
============================================================================
Clock clk
rise -> rise
    min     max
0.000000 0.000000 source latency
0.337483         network latency _174_/CLK
        0.339053 network latency _169_/CLK
---------------
0.337483 0.339053 latency
        0.001569 skew

fall -> fall
    min     max
0.000000 0.000000 source latency
0.325779         network latency _174_/CLK
        0.327096 network latency _176_/CLK
---------------
0.325779 0.327096 latency
        0.001317 skew



===========================================================================
report_clock_min_period
============================================================================
clk period_min = 2.14 fmax = 466.79
