Reading OpenROAD database at '/Users/jhsu2022/my_designs/32-Bit-CPU/runs/RUN_2025-09-15_22-32-39/24-openroad-ioplacement/MIPSpipeline.odb'…
Reading library file at '/Users/jhsu2022/.volare/volare/sky130/versions/0fe599b2afb6708d281543108caf8310912f54af/sky130A/libs.ref/sky130_fd_sc_hd/lib/sky130_fd_sc_hd__tt_025C_1v80.lib'…
Reading design constraints file at '/nix/store/b5k0h8cjlpypdp7lb98p9n8qqanyralc-python3-3.11.9-env/lib/python3.11/site-packages/openlane/scripts/base.sdc'…
[INFO] Using clock clk…
[INFO] Setting output delay to: 5
[INFO] Setting input delay to: 5
[INFO] Setting load to: 0.033442
[INFO] Setting clock uncertainty to: 0.25
[INFO] Setting clock transition to: 0.1499999999999999944488848768742172978818416595458984375
[INFO] Setting timing derate to: 5%
[INFO] Setting RC values…
[INFO] Setting signal min routing layer to: met1 and clock min routing layer to met1. 
[INFO] Setting signal max routing layer to: met5 and clock max routing layer to met5. 
+ global_placement -density 0.63595 -timing_driven -routability_driven -pad_right 0 -pad_left 0 -init_wirelength_coef 0.25
[INFO GPL-0002] DBU: 1000
[INFO GPL-0003] SiteSize: (  0.460  2.720 ) um
[INFO GPL-0004] CoreBBox: (  5.520 10.880 ) ( 61.180 65.280 ) um
[INFO GPL-0006] NumInstances:               212
[INFO GPL-0007] NumPlaceInstances:          128
[INFO GPL-0008] NumFixedInstances:           84
[INFO GPL-0009] NumDummyInstances:            0
[INFO GPL-0010] NumNets:                    130
[INFO GPL-0011] NumPins:                    456
[INFO GPL-0012] DieBBox:  (  0.000  0.000 ) ( 67.035 77.755 ) um
[INFO GPL-0013] CoreBBox: (  5.520 10.880 ) ( 61.180 65.280 ) um
[INFO GPL-0016] CoreArea:              3027.904 um^2
[INFO GPL-0017] NonPlaceInstsArea:      205.197 um^2
[INFO GPL-0018] PlaceInstsArea:        1567.754 um^2
[INFO GPL-0019] Util:                    55.541 %
[INFO GPL-0020] StdInstsArea:          1567.754 um^2
[INFO GPL-0021] MacroInstsArea:           0.000 um^2
[InitialPlace]  Iter: 1 CG residual: 0.00000006 HPWL: 2597639
[InitialPlace]  Iter: 2 CG residual: 0.00000011 HPWL: 2540205
[InitialPlace]  Iter: 3 CG residual: 0.00000006 HPWL: 2392501
[InitialPlace]  Iter: 4 CG residual: 0.00000012 HPWL: 2291593
[InitialPlace]  Iter: 5 CG residual: 0.00000006 HPWL: 2257706
[INFO GPL-0031] FillerInit:NumGCells:       147
[INFO GPL-0032] FillerInit:NumGNets:        130
[INFO GPL-0033] FillerInit:NumGPins:        456
[INFO GPL-0023] TargetDensity:            0.636
[INFO GPL-0024] AvrgPlaceInstArea:       12.248 um^2
[INFO GPL-0025] IdealBinArea:            19.259 um^2
[INFO GPL-0026] IdealBinCnt:                157
[INFO GPL-0027] TotalBinArea:          3027.904 um^2
[INFO GPL-0028] BinCnt:         8      8
[INFO GPL-0029] BinSize: (  6.958  6.800 )
[INFO GPL-0030] NumBins: 64
[NesterovSolve] Iter:    1 overflow: 0.507 HPWL: 1269676
[INFO GPL-0100] Timing-driven: executing resizer for reweighting nets.
[INFO GPL-0101] Timing-driven: worst slack 1.89e-08
[INFO GPL-0103] Timing-driven: weighted 12 nets.
[NesterovSolve] Snapshot saved at iter = 0
[INFO GPL-0100] Timing-driven: executing resizer for reweighting nets.
[INFO GPL-0101] Timing-driven: worst slack 1.89e-08
[INFO GPL-0103] Timing-driven: weighted 12 nets.
[NesterovSolve] Iter:   10 overflow: 0.442 HPWL: 1328514
[NesterovSolve] Iter:   20 overflow: 0.440 HPWL: 1322809
[NesterovSolve] Iter:   30 overflow: 0.443 HPWL: 1325290
[NesterovSolve] Iter:   40 overflow: 0.442 HPWL: 1324538
[NesterovSolve] Iter:   50 overflow: 0.442 HPWL: 1324779
[NesterovSolve] Iter:   60 overflow: 0.442 HPWL: 1324783
[NesterovSolve] Iter:   70 overflow: 0.442 HPWL: 1324705
[NesterovSolve] Iter:   80 overflow: 0.442 HPWL: 1324609
[NesterovSolve] Iter:   90 overflow: 0.441 HPWL: 1324481
[NesterovSolve] Iter:  100 overflow: 0.441 HPWL: 1324286
[NesterovSolve] Iter:  110 overflow: 0.439 HPWL: 1324274
[NesterovSolve] Iter:  120 overflow: 0.437 HPWL: 1324116
[NesterovSolve] Iter:  130 overflow: 0.434 HPWL: 1323594
[NesterovSolve] Iter:  140 overflow: 0.431 HPWL: 1323821
[NesterovSolve] Iter:  150 overflow: 0.426 HPWL: 1324856
[NesterovSolve] Iter:  160 overflow: 0.420 HPWL: 1326957
[NesterovSolve] Iter:  170 overflow: 0.411 HPWL: 1330241
[NesterovSolve] Iter:  180 overflow: 0.401 HPWL: 1336053
[NesterovSolve] Iter:  190 overflow: 0.382 HPWL: 1342028
[NesterovSolve] Iter:  200 overflow: 0.356 HPWL: 1344657
[NesterovSolve] Iter:  210 overflow: 0.330 HPWL: 1344535
[NesterovSolve] Iter:  220 overflow: 0.307 HPWL: 1350747
[INFO GPL-0075] Routability numCall: 1 inflationIterCnt: 1 bloatIterCnt: 0
[INFO GPL-0036] TileBBox: (    0    0 ) ( 6900 6900 ) DBU
[INFO GPL-0038] TileCnt:       9   11
[INFO GPL-0040] NumTiles: 99
[INFO GPL-0081] TotalRouteOverflow: 0
[INFO GPL-0082] OverflowTileCnt: 0
[INFO GPL-0083] 0.5%RC: 0.8008484840393066
[INFO GPL-0084] 1.0%RC: 0.8008484840393066
[INFO GPL-0085] 2.0%RC: 0.7641291618347168
[INFO GPL-0086] 5.0%RC: 0.7245315551757813
[INFO GPL-0087] FinalRC: 0.8008485
[INFO GPL-0077] FinalRC lower than targetRC(1.01), routability not needed.
[INFO GPL-0100] Timing-driven: executing resizer for reweighting nets.
[INFO GPL-0101] Timing-driven: worst slack 1.89e-08
[INFO GPL-0103] Timing-driven: weighted 12 nets.
[NesterovSolve] Iter:  230 overflow: 0.280 HPWL: 1355018
[NesterovSolve] Iter:  240 overflow: 0.254 HPWL: 1360764
[NesterovSolve] Iter:  250 overflow: 0.223 HPWL: 1366523
[INFO GPL-0100] Timing-driven: executing resizer for reweighting nets.
[INFO GPL-0101] Timing-driven: worst slack 1.89e-08
[INFO GPL-0103] Timing-driven: weighted 12 nets.
[NesterovSolve] Iter:  260 overflow: 0.192 HPWL: 1371177
[NesterovSolve] Iter:  270 overflow: 0.161 HPWL: 1374242
[INFO GPL-0100] Timing-driven: executing resizer for reweighting nets.
[INFO GPL-0101] Timing-driven: worst slack 1.89e-08
[INFO GPL-0103] Timing-driven: weighted 12 nets.
[NesterovSolve] Iter:  280 overflow: 0.131 HPWL: 1375401
[NesterovSolve] Iter:  290 overflow: 0.106 HPWL: 1377796
[NesterovSolve] Finished with Overflow: 0.097280
[INFO] Setting RC values…
Setting global connections for newly added cells…
[INFO] Setting global connections...
Updating metrics…
Cell type report:                       Count       Area
  Fill cell                                40     150.14
  Tap cell                                 44      55.05
  Inverter                                 31     116.36
  Sequential cell                          30     788.26
  Multi-Input combinational cell           67     663.14
  Total                                   212    1772.95
Writing OpenROAD database to '/Users/jhsu2022/my_designs/32-Bit-CPU/runs/RUN_2025-09-15_22-32-39/27-openroad-globalplacement/MIPSpipeline.odb'…
Writing netlist to '/Users/jhsu2022/my_designs/32-Bit-CPU/runs/RUN_2025-09-15_22-32-39/27-openroad-globalplacement/MIPSpipeline.nl.v'…
Writing powered netlist to '/Users/jhsu2022/my_designs/32-Bit-CPU/runs/RUN_2025-09-15_22-32-39/27-openroad-globalplacement/MIPSpipeline.pnl.v'…
Writing layout to '/Users/jhsu2022/my_designs/32-Bit-CPU/runs/RUN_2025-09-15_22-32-39/27-openroad-globalplacement/MIPSpipeline.def'…
Writing timing constraints to '/Users/jhsu2022/my_designs/32-Bit-CPU/runs/RUN_2025-09-15_22-32-39/27-openroad-globalplacement/MIPSpipeline.sdc'…
