
===========================================================================
report_checks -unconstrained
===========================================================================
======================= min_ss_100C_1v60 Corner ===================================

Startpoint: reset (input port clocked by clk)
Endpoint: _167_ (recovery check against rising-edge clock clk)
Path Group: asynchronous
Path Type: max

Fanout         Cap        Slew       Delay        Time   Description
---------------------------------------------------------------------------------------------
                                  0.000000    0.000000   clock clk (rise edge)
                                  0.000000    0.000000   clock network delay (propagated)
                                  5.000000    5.000000 v input external delay
     1    0.003579    0.021476    0.011672    5.011672 v reset (in)
                                                         reset (net)
                      0.021476    0.000000    5.011672 v input1/A (sky130_fd_sc_hd__clkbuf_1)
     1    0.003664    0.059023    0.146632    5.158304 v input1/X (sky130_fd_sc_hd__clkbuf_1)
                                                         net1 (net)
                      0.059023    0.000059    5.158362 v fanout35/A (sky130_fd_sc_hd__buf_2)
     7    0.034797    0.168006    0.341346    5.499708 v fanout35/X (sky130_fd_sc_hd__buf_2)
                                                         net35 (net)
                      0.168006    0.000590    5.500299 v fanout34/A (sky130_fd_sc_hd__buf_4)
    10    0.055461    0.144552    0.387218    5.887517 v fanout34/X (sky130_fd_sc_hd__buf_4)
                                                         net34 (net)
                      0.144558    0.001143    5.888659 v _137_/A (sky130_fd_sc_hd__inv_2)
     1    0.006527    0.071085    0.117832    6.006491 ^ _137_/Y (sky130_fd_sc_hd__inv_2)
                                                         _005_ (net)
                      0.071085    0.000120    6.006611 ^ _167_/RESET_B (sky130_fd_sc_hd__dfrtp_1)
                                              6.006611   data arrival time

                                 25.000000   25.000000   clock clk (rise edge)
                                  0.000000   25.000000   clock source latency
     1    0.012954    0.101366    0.067104   25.067102 ^ clk (in)
                                                         clk (net)
                      0.101367    0.000000   25.067102 ^ clkbuf_0_clk/A (sky130_fd_sc_hd__clkbuf_16)
     4    0.038984    0.093070    0.262860   25.329964 ^ clkbuf_0_clk/X (sky130_fd_sc_hd__clkbuf_16)
                                                         clknet_0_clk (net)
                      0.093070    0.000341   25.330303 ^ clkbuf_2_2__f_clk/A (sky130_fd_sc_hd__clkbuf_16)
     8    0.024752    0.073413    0.238904   25.569208 ^ clkbuf_2_2__f_clk/X (sky130_fd_sc_hd__clkbuf_16)
                                                         clknet_2_2__leaf_clk (net)
                      0.073413    0.000179   25.569387 ^ _167_/CLK (sky130_fd_sc_hd__dfrtp_1)
                                 -0.250000   25.319387   clock uncertainty
                                  0.000000   25.319387   clock reconvergence pessimism
                                  0.463316   25.782705   library recovery time
                                             25.782705   data required time
---------------------------------------------------------------------------------------------
                                             25.782705   data required time
                                             -6.006611   data arrival time
---------------------------------------------------------------------------------------------
                                             19.776093   slack (MET)


Startpoint: _166_ (rising edge-triggered flip-flop clocked by clk)
Endpoint: current_pc[6] (output port clocked by clk)
Path Group: clk
Path Type: max

Fanout         Cap        Slew       Delay        Time   Description
---------------------------------------------------------------------------------------------
                                  0.000000    0.000000   clock clk (rise edge)
                                  0.000000    0.000000   clock source latency
     1    0.012954    0.101366    0.067104    0.067104 ^ clk (in)
                                                         clk (net)
                      0.101367    0.000000    0.067104 ^ clkbuf_0_clk/A (sky130_fd_sc_hd__clkbuf_16)
     4    0.038984    0.093070    0.262860    0.329964 ^ clkbuf_0_clk/X (sky130_fd_sc_hd__clkbuf_16)
                                                         clknet_0_clk (net)
                      0.093070    0.000340    0.330304 ^ clkbuf_2_2__f_clk/A (sky130_fd_sc_hd__clkbuf_16)
     8    0.024752    0.073413    0.238905    0.569209 ^ clkbuf_2_2__f_clk/X (sky130_fd_sc_hd__clkbuf_16)
                                                         clknet_2_2__leaf_clk (net)
                      0.073413    0.000247    0.569457 ^ _166_/CLK (sky130_fd_sc_hd__dfrtp_2)
     6    0.017807    0.145818    0.894615    1.464072 v _166_/Q (sky130_fd_sc_hd__dfrtp_2)
                                                         net28 (net)
                      0.145818    0.000096    1.464168 v output28/A (sky130_fd_sc_hd__buf_2)
     1    0.034517    0.166850    0.381913    1.846081 v output28/X (sky130_fd_sc_hd__buf_2)
                                                         current_pc[6] (net)
                      0.166850    0.000365    1.846446 v current_pc[6] (out)
                                              1.846446   data arrival time

                                 25.000000   25.000000   clock clk (rise edge)
                                  0.000000   25.000000   clock network delay (propagated)
                                 -0.250000   24.750000   clock uncertainty
                                  0.000000   24.750000   clock reconvergence pessimism
                                 -5.000000   19.750000   output external delay
                                             19.750000   data required time
---------------------------------------------------------------------------------------------
                                             19.750000   data required time
                                             -1.846446   data arrival time
---------------------------------------------------------------------------------------------
                                             17.903553   slack (MET)




===========================================================================
report_checks --slack_max -0.01
============================================================================
======================= min_ss_100C_1v60 Corner ===================================

No paths found.


===========================================================================
 report_check_types -max_slew -max_cap -max_fanout -violators
============================================================================
======================= min_ss_100C_1v60 Corner ===================================



===========================================================================
report_parasitic_annotation -report_unannotated
============================================================================
Found 5 unannotated drivers.
 MIPSpipeline_36/HI
 MIPSpipeline_37/HI
 clkload0/X
 clkload1/X
 clkload2/X
Found 0 partially unannotated drivers.

===========================================================================
max slew violation count 0
max fanout violation count 0
max cap violation count 0
============================================================================

===========================================================================
check_setup -verbose -unconstrained_endpoints -multiple_clock -no_clock -no_input_delay -loops -generated_clocks
===========================================================================
Warning: There are 2 unconstrained endpoints.
  current_pc[0]
  current_pc[1]
