Clock: clk
Sources: clk 
Generated: no
Virtual: yes
Propagated: no
Period: 25.000000

===========================================================================
report_clock_properties
============================================================================
Clock                   Period          Waveform
----------------------------------------------------
clk                  25.000000    0.000000 12.500000

===========================================================================
report_clock_latency
============================================================================
Clock clk
rise -> rise
    min     max
0.000000 0.000000 source latency
0.567643         network latency _185_/CLK
        0.569468 network latency _169_/CLK
---------------
0.567643 0.569468 latency
        0.001824 skew

fall -> fall
    min     max
0.000000 0.000000 source latency
0.567669         network latency _174_/CLK
        0.569080 network latency _169_/CLK
---------------
0.567669 0.569080 latency
        0.001411 skew



===========================================================================
report_clock_min_period
============================================================================
clk period_min = 4.01 fmax = 249.12
