Clock: clk
Sources: clk 
Generated: no
Virtual: no
Propagated: no
Period: 25.000000

===========================================================================
report_clock_properties
============================================================================
Clock                   Period          Waveform
----------------------------------------------------
clk                  25.000000    0.000000 12.500000

===========================================================================
report_clock_latency
============================================================================
Clock clk
rise -> rise
    min     max
0.000000 0.000000 source latency
0.177155         network latency _162_/CLK
        0.177155 network latency _162_/CLK
---------------
0.177155 0.177155 latency
        0.000000 skew

fall -> fall
    min     max
0.000000 0.000000 source latency
0.082722         network latency _162_/CLK
        0.082722 network latency _162_/CLK
---------------
0.082722 0.082722 latency
        0.000000 skew



===========================================================================
report_clock_min_period
============================================================================
clk period_min = 2.22 fmax = 450.42
