140. Printing statistics.

=== MIPSpipeline ===

   Number of wires:                 53
   Number of wire bits:            115
   Number of public wires:           4
   Number of public wire bits:      66
   Number of ports:                  3
   Number of port bits:             34
   Number of memories:               0
   Number of memory bits:            0
   Number of processes:              0
   Number of cells:                109
     $_ANDNOT_                      14
     $_DFF_PP0_                     30
     $_NAND_                        14
     $_NOT_                          1
     $_OR_                          21
     $_XNOR_                        14
     $_XOR_                         15

   Area for cell type $_NOT_ is unknown!
   Area for cell type $_NAND_ is unknown!
   Area for cell type $_OR_ is unknown!
   Area for cell type $_XOR_ is unknown!
   Area for cell type $_XNOR_ is unknown!
   Area for cell type $_ANDNOT_ is unknown!
   Area for cell type $_DFF_PP0_ is unknown!

