154. Printing statistics.

=== MIPSpipeline ===

   Number of wires:                 99
   Number of wire bits:            130
   Number of public wires:          33
   Number of public wire bits:      64
   Number of ports:                  3
   Number of port bits:             34
   Number of memories:               0
   Number of memory bits:            0
   Number of processes:              0
   Number of cells:                128
     sky130_fd_sc_hd__a21o_2         1
     sky130_fd_sc_hd__a21oi_2        5
     sky130_fd_sc_hd__a31o_2         2
     sky130_fd_sc_hd__a41o_2         1
     sky130_fd_sc_hd__and2_2         7
     sky130_fd_sc_hd__and2b_2        3
     sky130_fd_sc_hd__and3_2         9
     sky130_fd_sc_hd__and4_2         8
     sky130_fd_sc_hd__conb_1         2
     sky130_fd_sc_hd__dfrtp_2       30
     sky130_fd_sc_hd__inv_2         31
     sky130_fd_sc_hd__nand2_2        2
     sky130_fd_sc_hd__nand3_2        1
     sky130_fd_sc_hd__nor2_2         7
     sky130_fd_sc_hd__o21ba_2        2
     sky130_fd_sc_hd__o2bb2a_2       1
     sky130_fd_sc_hd__or2_2          1
     sky130_fd_sc_hd__xnor2_2        3
     sky130_fd_sc_hd__xor2_2        12

   Chip area for module '\MIPSpipeline': 1567.753600
     of which used for sequential elements: 788.256000 (50.28%)

