Reading OpenROAD database at '/Users/jhsu2022/my_designs/32_Bit_MIPS_CPU/runs/RUN_2025-09-15_19-54-57/20-openroad-generatepdn/MIPSpipeline.odb'…
Reading library file at '/Users/jhsu2022/.volare/volare/sky130/versions/0fe599b2afb6708d281543108caf8310912f54af/sky130A/libs.ref/sky130_fd_sc_hd/lib/sky130_fd_sc_hd__tt_025C_1v80.lib'…
Reading design constraints file at '/nix/store/b5k0h8cjlpypdp7lb98p9n8qqanyralc-python3-3.11.9-env/lib/python3.11/site-packages/openlane/scripts/base.sdc'…
[INFO] Using clock clk…
[INFO] Setting output delay to: 5
[INFO] Setting input delay to: 5
[INFO] Setting load to: 0.033442
[INFO] Setting clock uncertainty to: 0.25
[INFO] Setting clock transition to: 0.1499999999999999944488848768742172978818416595458984375
[INFO] Setting timing derate to: 5%
+ global_placement -density 0.63595 -skip_io -pad_right 0 -pad_left 0 -init_wirelength_coef 0.25
[INFO GPL-0002] DBU: 1000
[INFO GPL-0003] SiteSize: (  0.460  2.720 ) um
[INFO GPL-0004] CoreBBox: (  5.520 10.880 ) ( 61.180 65.280 ) um
[INFO GPL-0006] NumInstances:               212
[INFO GPL-0007] NumPlaceInstances:          128
[INFO GPL-0008] NumFixedInstances:           84
[INFO GPL-0009] NumDummyInstances:            0
[INFO GPL-0010] NumNets:                    130
[INFO GPL-0011] NumPins:                    422
[INFO GPL-0012] DieBBox:  (  0.000  0.000 ) ( 67.035 77.755 ) um
[INFO GPL-0013] CoreBBox: (  5.520 10.880 ) ( 61.180 65.280 ) um
[INFO GPL-0016] CoreArea:              3027.904 um^2
[INFO GPL-0017] NonPlaceInstsArea:      205.197 um^2
[INFO GPL-0018] PlaceInstsArea:        1567.754 um^2
[INFO GPL-0019] Util:                    55.541 %
[INFO GPL-0020] StdInstsArea:          1567.754 um^2
[INFO GPL-0021] MacroInstsArea:           0.000 um^2
[INFO GPL-0031] FillerInit:NumGCells:       147
[INFO GPL-0032] FillerInit:NumGNets:        130
[INFO GPL-0033] FillerInit:NumGPins:        422
[INFO GPL-0023] TargetDensity:            0.636
[INFO GPL-0024] AvrgPlaceInstArea:       12.248 um^2
[INFO GPL-0025] IdealBinArea:            19.259 um^2
[INFO GPL-0026] IdealBinCnt:                157
[INFO GPL-0027] TotalBinArea:          3027.904 um^2
[INFO GPL-0028] BinCnt:         8      8
[INFO GPL-0029] BinSize: (  6.958  6.800 )
[INFO GPL-0030] NumBins: 64
[NesterovSolve] Iter:    1 overflow: 0.924 HPWL: 416526
[NesterovSolve] Iter:   10 overflow: 0.923 HPWL: 365177
[NesterovSolve] Iter:   20 overflow: 0.922 HPWL: 364603
[NesterovSolve] Iter:   30 overflow: 0.922 HPWL: 364743
[NesterovSolve] Iter:   40 overflow: 0.922 HPWL: 364756
[NesterovSolve] Iter:   50 overflow: 0.922 HPWL: 364727
[NesterovSolve] Iter:   60 overflow: 0.922 HPWL: 364717
[NesterovSolve] Iter:   70 overflow: 0.922 HPWL: 364787
[NesterovSolve] Iter:   80 overflow: 0.921 HPWL: 365023
[NesterovSolve] Iter:   90 overflow: 0.921 HPWL: 365444
[NesterovSolve] Iter:  100 overflow: 0.919 HPWL: 366119
[NesterovSolve] Iter:  110 overflow: 0.916 HPWL: 368024
[NesterovSolve] Iter:  120 overflow: 0.909 HPWL: 372325
[NesterovSolve] Iter:  130 overflow: 0.892 HPWL: 379881
[NesterovSolve] Iter:  140 overflow: 0.844 HPWL: 397211
[NesterovSolve] Iter:  150 overflow: 0.826 HPWL: 427115
[NesterovSolve] Iter:  160 overflow: 0.799 HPWL: 440616
[NesterovSolve] Iter:  170 overflow: 0.753 HPWL: 471294
[NesterovSolve] Iter:  180 overflow: 0.660 HPWL: 544387
[NesterovSolve] Iter:  190 overflow: 0.641 HPWL: 570699
[NesterovSolve] Iter:  200 overflow: 0.594 HPWL: 606938
[NesterovSolve] Iter:  210 overflow: 0.549 HPWL: 628952
[NesterovSolve] Iter:  220 overflow: 0.487 HPWL: 665235
[NesterovSolve] Iter:  230 overflow: 0.456 HPWL: 699708
[NesterovSolve] Iter:  240 overflow: 0.412 HPWL: 736627
[NesterovSolve] Iter:  250 overflow: 0.381 HPWL: 774514
[NesterovSolve] Iter:  260 overflow: 0.344 HPWL: 816755
[NesterovSolve] Iter:  270 overflow: 0.315 HPWL: 835841
[NesterovSolve] Iter:  280 overflow: 0.282 HPWL: 853731
[NesterovSolve] Iter:  290 overflow: 0.252 HPWL: 862382
[NesterovSolve] Iter:  300 overflow: 0.220 HPWL: 886920
[NesterovSolve] Iter:  310 overflow: 0.188 HPWL: 913355
[NesterovSolve] Iter:  320 overflow: 0.154 HPWL: 930007
[NesterovSolve] Iter:  330 overflow: 0.111 HPWL: 932132
[NesterovSolve] Finished with Overflow: 0.098552
[INFO] Setting RC values…
Setting global connections for newly added cells…
[INFO] Setting global connections...
Updating metrics…
Cell type report:                       Count       Area
  Fill cell                                40     150.14
  Tap cell                                 44      55.05
  Inverter                                 31     116.36
  Sequential cell                          30     788.26
  Multi-Input combinational cell           67     663.14
  Total                                   212    1772.95
Writing OpenROAD database to '/Users/jhsu2022/my_designs/32_Bit_MIPS_CPU/runs/RUN_2025-09-15_19-54-57/23-openroad-globalplacementskipio/MIPSpipeline.odb'…
Writing netlist to '/Users/jhsu2022/my_designs/32_Bit_MIPS_CPU/runs/RUN_2025-09-15_19-54-57/23-openroad-globalplacementskipio/MIPSpipeline.nl.v'…
Writing powered netlist to '/Users/jhsu2022/my_designs/32_Bit_MIPS_CPU/runs/RUN_2025-09-15_19-54-57/23-openroad-globalplacementskipio/MIPSpipeline.pnl.v'…
Writing layout to '/Users/jhsu2022/my_designs/32_Bit_MIPS_CPU/runs/RUN_2025-09-15_19-54-57/23-openroad-globalplacementskipio/MIPSpipeline.def'…
Writing timing constraints to '/Users/jhsu2022/my_designs/32_Bit_MIPS_CPU/runs/RUN_2025-09-15_19-54-57/23-openroad-globalplacementskipio/MIPSpipeline.sdc'…
